mode: set
github.com/AndroSaal/RecommendationsForUsers/app/services/user/internal/repository/postgres.go:29.53,35.16 2 1
github.com/AndroSaal/RecommendationsForUsers/app/services/user/internal/repository/postgres.go:35.16,37.3 1 1
github.com/AndroSaal/RecommendationsForUsers/app/services/user/internal/repository/postgres.go:38.2,40.3 1 1
github.com/AndroSaal/RecommendationsForUsers/app/services/user/internal/repository/postgres.go:43.105,48.16 3 1
github.com/AndroSaal/RecommendationsForUsers/app/services/user/internal/repository/postgres.go:48.16,50.3 1 0
github.com/AndroSaal/RecommendationsForUsers/app/services/user/internal/repository/postgres.go:53.2,66.42 3 1
github.com/AndroSaal/RecommendationsForUsers/app/services/user/internal/repository/postgres.go:66.42,68.38 2 1
github.com/AndroSaal/RecommendationsForUsers/app/services/user/internal/repository/postgres.go:68.38,70.4 1 1
github.com/AndroSaal/RecommendationsForUsers/app/services/user/internal/repository/postgres.go:70.9,72.4 1 0
github.com/AndroSaal/RecommendationsForUsers/app/services/user/internal/repository/postgres.go:75.2,80.63 2 1
github.com/AndroSaal/RecommendationsForUsers/app/services/user/internal/repository/postgres.go:80.63,83.3 2 0
github.com/AndroSaal/RecommendationsForUsers/app/services/user/internal/repository/postgres.go:86.2,86.62 1 1
github.com/AndroSaal/RecommendationsForUsers/app/services/user/internal/repository/postgres.go:86.62,89.3 2 0
github.com/AndroSaal/RecommendationsForUsers/app/services/user/internal/repository/postgres.go:91.2,93.20 2 1
github.com/AndroSaal/RecommendationsForUsers/app/services/user/internal/repository/postgres.go:96.95,100.16 3 1
github.com/AndroSaal/RecommendationsForUsers/app/services/user/internal/repository/postgres.go:100.16,102.3 1 0
github.com/AndroSaal/RecommendationsForUsers/app/services/user/internal/repository/postgres.go:104.2,112.16 3 1
github.com/AndroSaal/RecommendationsForUsers/app/services/user/internal/repository/postgres.go:112.16,114.27 2 1
github.com/AndroSaal/RecommendationsForUsers/app/services/user/internal/repository/postgres.go:114.27,116.4 1 1
github.com/AndroSaal/RecommendationsForUsers/app/services/user/internal/repository/postgres.go:118.3,118.18 1 1
github.com/AndroSaal/RecommendationsForUsers/app/services/user/internal/repository/postgres.go:121.2,126.16 3 1
github.com/AndroSaal/RecommendationsForUsers/app/services/user/internal/repository/postgres.go:126.16,129.3 2 0
github.com/AndroSaal/RecommendationsForUsers/app/services/user/internal/repository/postgres.go:131.2,137.18 3 1
github.com/AndroSaal/RecommendationsForUsers/app/services/user/internal/repository/postgres.go:137.18,143.48 2 1
github.com/AndroSaal/RecommendationsForUsers/app/services/user/internal/repository/postgres.go:143.48,146.4 2 0
github.com/AndroSaal/RecommendationsForUsers/app/services/user/internal/repository/postgres.go:148.3,149.53 2 1
github.com/AndroSaal/RecommendationsForUsers/app/services/user/internal/repository/postgres.go:149.53,152.4 2 0
github.com/AndroSaal/RecommendationsForUsers/app/services/user/internal/repository/postgres.go:154.3,154.42 1 1
github.com/AndroSaal/RecommendationsForUsers/app/services/user/internal/repository/postgres.go:157.2,168.8 2 1
github.com/AndroSaal/RecommendationsForUsers/app/services/user/internal/repository/postgres.go:171.100,179.42 4 1
github.com/AndroSaal/RecommendationsForUsers/app/services/user/internal/repository/postgres.go:179.42,180.27 1 1
github.com/AndroSaal/RecommendationsForUsers/app/services/user/internal/repository/postgres.go:180.27,182.4 1 1
github.com/AndroSaal/RecommendationsForUsers/app/services/user/internal/repository/postgres.go:183.3,183.18 1 1
github.com/AndroSaal/RecommendationsForUsers/app/services/user/internal/repository/postgres.go:186.2,186.35 1 1
github.com/AndroSaal/RecommendationsForUsers/app/services/user/internal/repository/postgres.go:189.93,195.16 3 1
github.com/AndroSaal/RecommendationsForUsers/app/services/user/internal/repository/postgres.go:195.16,197.3 1 0
github.com/AndroSaal/RecommendationsForUsers/app/services/user/internal/repository/postgres.go:200.2,208.46 3 1
github.com/AndroSaal/RecommendationsForUsers/app/services/user/internal/repository/postgres.go:208.46,210.27 2 1
github.com/AndroSaal/RecommendationsForUsers/app/services/user/internal/repository/postgres.go:210.27,212.4 1 1
github.com/AndroSaal/RecommendationsForUsers/app/services/user/internal/repository/postgres.go:213.3,213.20 1 1
github.com/AndroSaal/RecommendationsForUsers/app/services/user/internal/repository/postgres.go:216.2,216.24 1 1
github.com/AndroSaal/RecommendationsForUsers/app/services/user/internal/repository/postgres.go:216.24,228.69 2 1
github.com/AndroSaal/RecommendationsForUsers/app/services/user/internal/repository/postgres.go:228.69,231.4 2 0
github.com/AndroSaal/RecommendationsForUsers/app/services/user/internal/repository/postgres.go:232.8,235.3 2 1
github.com/AndroSaal/RecommendationsForUsers/app/services/user/internal/repository/postgres.go:236.2,237.18 2 1
github.com/AndroSaal/RecommendationsForUsers/app/services/user/internal/repository/postgres.go:240.97,243.16 2 1
github.com/AndroSaal/RecommendationsForUsers/app/services/user/internal/repository/postgres.go:243.16,245.3 1 0
github.com/AndroSaal/RecommendationsForUsers/app/services/user/internal/repository/postgres.go:247.2,250.47 2 1
github.com/AndroSaal/RecommendationsForUsers/app/services/user/internal/repository/postgres.go:250.47,252.27 2 1
github.com/AndroSaal/RecommendationsForUsers/app/services/user/internal/repository/postgres.go:252.27,254.4 1 1
github.com/AndroSaal/RecommendationsForUsers/app/services/user/internal/repository/postgres.go:255.3,255.13 1 1
github.com/AndroSaal/RecommendationsForUsers/app/services/user/internal/repository/postgres.go:259.2,270.16 2 1
github.com/AndroSaal/RecommendationsForUsers/app/services/user/internal/repository/postgres.go:270.16,273.3 2 0
github.com/AndroSaal/RecommendationsForUsers/app/services/user/internal/repository/postgres.go:276.2,280.66 2 1
github.com/AndroSaal/RecommendationsForUsers/app/services/user/internal/repository/postgres.go:280.66,284.3 2 0
github.com/AndroSaal/RecommendationsForUsers/app/services/user/internal/repository/postgres.go:287.2,287.63 1 1
github.com/AndroSaal/RecommendationsForUsers/app/services/user/internal/repository/postgres.go:287.63,290.3 2 0
github.com/AndroSaal/RecommendationsForUsers/app/services/user/internal/repository/postgres.go:292.2,293.12 2 1
github.com/AndroSaal/RecommendationsForUsers/app/services/user/internal/repository/postgres.go:296.86,297.46 1 1
github.com/AndroSaal/RecommendationsForUsers/app/services/user/internal/repository/postgres.go:297.46,309.47 4 1
github.com/AndroSaal/RecommendationsForUsers/app/services/user/internal/repository/postgres.go:309.47,311.4 1 0
github.com/AndroSaal/RecommendationsForUsers/app/services/user/internal/repository/postgres.go:314.3,320.80 2 1
github.com/AndroSaal/RecommendationsForUsers/app/services/user/internal/repository/postgres.go:320.80,322.4 1 0
github.com/AndroSaal/RecommendationsForUsers/app/services/user/internal/repository/postgres.go:324.2,324.20 1 1
github.com/AndroSaal/RecommendationsForUsers/app/services/user/internal/repository/repository.go:25.81,30.2 1 1
github.com/AndroSaal/RecommendationsForUsers/app/services/user/internal/repository/repository.go:32.109,36.16 3 1
github.com/AndroSaal/RecommendationsForUsers/app/services/user/internal/repository/repository.go:36.16,40.3 2 1
github.com/AndroSaal/RecommendationsForUsers/app/services/user/internal/repository/repository.go:42.2,42.20 1 1
github.com/AndroSaal/RecommendationsForUsers/app/services/user/internal/repository/repository.go:45.99,49.16 3 1
github.com/AndroSaal/RecommendationsForUsers/app/services/user/internal/repository/repository.go:49.16,52.3 2 1
github.com/AndroSaal/RecommendationsForUsers/app/services/user/internal/repository/repository.go:54.2,54.18 1 1
github.com/AndroSaal/RecommendationsForUsers/app/services/user/internal/repository/repository.go:57.104,61.16 3 1
github.com/AndroSaal/RecommendationsForUsers/app/services/user/internal/repository/repository.go:61.16,65.3 2 1
github.com/AndroSaal/RecommendationsForUsers/app/services/user/internal/repository/repository.go:66.2,66.18 1 1
github.com/AndroSaal/RecommendationsForUsers/app/services/user/internal/repository/repository.go:69.97,73.16 3 1
github.com/AndroSaal/RecommendationsForUsers/app/services/user/internal/repository/repository.go:73.16,76.3 2 1
github.com/AndroSaal/RecommendationsForUsers/app/services/user/internal/repository/repository.go:77.2,77.24 1 1
github.com/AndroSaal/RecommendationsForUsers/app/services/user/internal/repository/repository.go:80.101,84.16 3 1
github.com/AndroSaal/RecommendationsForUsers/app/services/user/internal/repository/repository.go:84.16,87.3 2 1
github.com/AndroSaal/RecommendationsForUsers/app/services/user/internal/repository/repository.go:89.2,89.12 1 1
github.com/AndroSaal/RecommendationsForUsers/app/services/user/internal/transport/api/handler.go:23.95,29.2 1 1
github.com/AndroSaal/RecommendationsForUsers/app/services/user/internal/transport/api/handler.go:31.50,38.45 5 1
github.com/AndroSaal/RecommendationsForUsers/app/services/user/internal/transport/api/handler.go:38.45,42.3 3 1
github.com/AndroSaal/RecommendationsForUsers/app/services/user/internal/transport/api/handler.go:44.2,44.51 1 1
github.com/AndroSaal/RecommendationsForUsers/app/services/user/internal/transport/api/handler.go:44.51,48.3 3 1
github.com/AndroSaal/RecommendationsForUsers/app/services/user/internal/transport/api/handler.go:50.2,53.49 2 1
github.com/AndroSaal/RecommendationsForUsers/app/services/user/internal/transport/api/handler.go:53.49,57.3 3 1
github.com/AndroSaal/RecommendationsForUsers/app/services/user/internal/transport/api/handler.go:57.8,57.23 1 1
github.com/AndroSaal/RecommendationsForUsers/app/services/user/internal/transport/api/handler.go:57.23,61.3 3 1
github.com/AndroSaal/RecommendationsForUsers/app/services/user/internal/transport/api/handler.go:63.2,64.53 2 1
github.com/AndroSaal/RecommendationsForUsers/app/services/user/internal/transport/api/handler.go:64.53,68.3 3 0
github.com/AndroSaal/RecommendationsForUsers/app/services/user/internal/transport/api/handler.go:71.2,73.4 1 1
github.com/AndroSaal/RecommendationsForUsers/app/services/user/internal/transport/api/handler.go:77.51,84.9 5 1
github.com/AndroSaal/RecommendationsForUsers/app/services/user/internal/transport/api/handler.go:84.9,89.3 3 1
github.com/AndroSaal/RecommendationsForUsers/app/services/user/internal/transport/api/handler.go:91.2,92.16 2 1
github.com/AndroSaal/RecommendationsForUsers/app/services/user/internal/transport/api/handler.go:92.16,96.3 3 1
github.com/AndroSaal/RecommendationsForUsers/app/services/user/internal/transport/api/handler.go:98.2,98.56 1 1
github.com/AndroSaal/RecommendationsForUsers/app/services/user/internal/transport/api/handler.go:98.56,102.3 3 1
github.com/AndroSaal/RecommendationsForUsers/app/services/user/internal/transport/api/handler.go:105.2,106.44 2 1
github.com/AndroSaal/RecommendationsForUsers/app/services/user/internal/transport/api/handler.go:106.44,110.3 3 1
github.com/AndroSaal/RecommendationsForUsers/app/services/user/internal/transport/api/handler.go:110.8,110.23 1 1
github.com/AndroSaal/RecommendationsForUsers/app/services/user/internal/transport/api/handler.go:110.23,114.3 3 1
github.com/AndroSaal/RecommendationsForUsers/app/services/user/internal/transport/api/handler.go:117.2,117.43 1 1
github.com/AndroSaal/RecommendationsForUsers/app/services/user/internal/transport/api/handler.go:121.54,128.9 5 1
github.com/AndroSaal/RecommendationsForUsers/app/services/user/internal/transport/api/handler.go:128.9,133.3 3 1
github.com/AndroSaal/RecommendationsForUsers/app/services/user/internal/transport/api/handler.go:135.2,135.54 1 1
github.com/AndroSaal/RecommendationsForUsers/app/services/user/internal/transport/api/handler.go:135.54,139.3 3 1
github.com/AndroSaal/RecommendationsForUsers/app/services/user/internal/transport/api/handler.go:142.2,143.44 2 1
github.com/AndroSaal/RecommendationsForUsers/app/services/user/internal/transport/api/handler.go:143.44,147.3 3 1
github.com/AndroSaal/RecommendationsForUsers/app/services/user/internal/transport/api/handler.go:147.8,147.23 1 1
github.com/AndroSaal/RecommendationsForUsers/app/services/user/internal/transport/api/handler.go:147.23,151.3 3 1
github.com/AndroSaal/RecommendationsForUsers/app/services/user/internal/transport/api/handler.go:154.2,154.43 1 1
github.com/AndroSaal/RecommendationsForUsers/app/services/user/internal/transport/api/handler.go:157.48,165.21 6 1
github.com/AndroSaal/RecommendationsForUsers/app/services/user/internal/transport/api/handler.go:165.21,169.3 3 1
github.com/AndroSaal/RecommendationsForUsers/app/services/user/internal/transport/api/handler.go:171.2,172.16 2 1
github.com/AndroSaal/RecommendationsForUsers/app/services/user/internal/transport/api/handler.go:172.16,176.3 3 1
github.com/AndroSaal/RecommendationsForUsers/app/services/user/internal/transport/api/handler.go:178.2,178.56 1 1
github.com/AndroSaal/RecommendationsForUsers/app/services/user/internal/transport/api/handler.go:178.56,182.3 3 1
github.com/AndroSaal/RecommendationsForUsers/app/services/user/internal/transport/api/handler.go:184.2,184.45 1 1
github.com/AndroSaal/RecommendationsForUsers/app/services/user/internal/transport/api/handler.go:184.45,188.3 3 1
github.com/AndroSaal/RecommendationsForUsers/app/services/user/internal/transport/api/handler.go:191.2,191.51 1 1
github.com/AndroSaal/RecommendationsForUsers/app/services/user/internal/transport/api/handler.go:191.51,195.3 3 1
github.com/AndroSaal/RecommendationsForUsers/app/services/user/internal/transport/api/handler.go:197.2,199.96 2 1
github.com/AndroSaal/RecommendationsForUsers/app/services/user/internal/transport/api/handler.go:199.96,203.3 3 1
github.com/AndroSaal/RecommendationsForUsers/app/services/user/internal/transport/api/handler.go:203.8,203.23 1 1
github.com/AndroSaal/RecommendationsForUsers/app/services/user/internal/transport/api/handler.go:203.23,207.3 3 1
github.com/AndroSaal/RecommendationsForUsers/app/services/user/internal/transport/api/handler.go:209.2,209.53 1 1
github.com/AndroSaal/RecommendationsForUsers/app/services/user/internal/transport/api/handler.go:209.53,213.3 3 0
github.com/AndroSaal/RecommendationsForUsers/app/services/user/internal/transport/api/handler.go:216.2,216.44 1 1
github.com/AndroSaal/RecommendationsForUsers/app/services/user/internal/transport/api/handler.go:219.51,226.21 5 1
github.com/AndroSaal/RecommendationsForUsers/app/services/user/internal/transport/api/handler.go:226.21,230.3 3 1
github.com/AndroSaal/RecommendationsForUsers/app/services/user/internal/transport/api/handler.go:232.2,233.16 2 1
github.com/AndroSaal/RecommendationsForUsers/app/services/user/internal/transport/api/handler.go:233.16,238.3 3 1
github.com/AndroSaal/RecommendationsForUsers/app/services/user/internal/transport/api/handler.go:240.2,240.56 1 1
github.com/AndroSaal/RecommendationsForUsers/app/services/user/internal/transport/api/handler.go:240.56,244.3 3 1
github.com/AndroSaal/RecommendationsForUsers/app/services/user/internal/transport/api/handler.go:246.2,247.16 2 1
github.com/AndroSaal/RecommendationsForUsers/app/services/user/internal/transport/api/handler.go:247.16,251.3 3 1
github.com/AndroSaal/RecommendationsForUsers/app/services/user/internal/transport/api/handler.go:253.2,253.52 1 1
github.com/AndroSaal/RecommendationsForUsers/app/services/user/internal/transport/api/handler.go:253.52,258.3 3 1
github.com/AndroSaal/RecommendationsForUsers/app/services/user/internal/transport/api/handler.go:260.2,261.44 2 1
github.com/AndroSaal/RecommendationsForUsers/app/services/user/internal/transport/api/handler.go:261.44,265.3 3 1
github.com/AndroSaal/RecommendationsForUsers/app/services/user/internal/transport/api/handler.go:265.8,265.23 1 1
github.com/AndroSaal/RecommendationsForUsers/app/services/user/internal/transport/api/handler.go:265.23,269.3 3 1
github.com/AndroSaal/RecommendationsForUsers/app/services/user/internal/transport/api/handler.go:271.2,273.4 1 1
github.com/AndroSaal/RecommendationsForUsers/app/services/user/internal/transport/api/handler.go:276.68,278.2 1 1
github.com/AndroSaal/RecommendationsForUsers/app/services/user/internal/transport/api/middleware.go:11.71,18.2 2 1
github.com/AndroSaal/RecommendationsForUsers/app/services/user/internal/transport/api/routes.go:5.48,11.2 4 1
github.com/AndroSaal/RecommendationsForUsers/app/services/user/internal/transport/api/routes.go:11.2,17.3 3 1
github.com/AndroSaal/RecommendationsForUsers/app/services/user/internal/transport/api/routes.go:17.3,19.4 1 1
github.com/AndroSaal/RecommendationsForUsers/app/services/user/internal/transport/api/routes.go:22.3,23.3 2 1
github.com/AndroSaal/RecommendationsForUsers/app/services/user/internal/transport/api/routes.go:23.3,25.4 1 1
github.com/AndroSaal/RecommendationsForUsers/app/services/user/internal/transport/api/routes.go:28.3,29.3 2 1
github.com/AndroSaal/RecommendationsForUsers/app/services/user/internal/transport/api/routes.go:29.3,35.4 2 1
github.com/AndroSaal/RecommendationsForUsers/app/services/user/internal/transport/api/routes.go:38.2,38.15 1 1
github.com/AndroSaal/RecommendationsForUsers/app/services/user/internal/transport/kafka/producer/producer.go:25.80,28.16 3 1
github.com/AndroSaal/RecommendationsForUsers/app/services/user/internal/transport/kafka/producer/producer.go:28.16,31.3 2 1
github.com/AndroSaal/RecommendationsForUsers/app/services/user/internal/transport/kafka/producer/producer.go:33.2,36.8 1 1
github.com/AndroSaal/RecommendationsForUsers/app/services/user/internal/transport/kafka/producer/producer.go:39.58,44.2 4 1
github.com/AndroSaal/RecommendationsForUsers/app/services/user/internal/transport/kafka/producer/producer.go:46.70,49.17 2 1
github.com/AndroSaal/RecommendationsForUsers/app/services/user/internal/transport/kafka/producer/producer.go:49.17,52.3 2 1
github.com/AndroSaal/RecommendationsForUsers/app/services/user/internal/transport/kafka/producer/producer.go:54.2,56.45 2 1
github.com/AndroSaal/RecommendationsForUsers/app/services/user/internal/transport/kafka/producer/producer.go:56.45,58.3 1 1
github.com/AndroSaal/RecommendationsForUsers/app/services/user/internal/transport/kafka/producer/producer.go:60.2,66.16 3 1
github.com/AndroSaal/RecommendationsForUsers/app/services/user/internal/transport/kafka/producer/producer.go:66.16,68.3 1 0
github.com/AndroSaal/RecommendationsForUsers/app/services/user/internal/transport/kafka/producer/producer.go:70.2,75.16 2 1
github.com/AndroSaal/RecommendationsForUsers/app/services/user/internal/transport/kafka/producer/producer.go:75.16,78.3 2 0
github.com/AndroSaal/RecommendationsForUsers/app/services/user/internal/transport/kafka/producer/producer.go:78.8,82.3 1 1
github.com/AndroSaal/RecommendationsForUsers/app/services/user/internal/transport/kafka/producer/producer.go:84.2,84.12 1 1
github.com/AndroSaal/RecommendationsForUsers/app/services/user/internal/transport/kafka/producer/producer.go:87.39,89.16 2 1
github.com/AndroSaal/RecommendationsForUsers/app/services/user/internal/transport/kafka/producer/producer.go:89.16,91.3 1 0
github.com/AndroSaal/RecommendationsForUsers/app/services/user/internal/transport/kafka/producer/producer.go:92.2,92.12 1 1
github.com/AndroSaal/RecommendationsForUsers/app/services/user/internal/transport/kafka/producer/producer.go:95.50,103.16 5 1
github.com/AndroSaal/RecommendationsForUsers/app/services/user/internal/transport/kafka/producer/producer.go:103.16,104.32 1 1
github.com/AndroSaal/RecommendationsForUsers/app/services/user/internal/transport/kafka/producer/producer.go:107.2,107.10 1 1
github.com/AndroSaal/RecommendationsForUsers/app/services/user/internal/service/mail.go:19.74,24.2 1 1
github.com/AndroSaal/RecommendationsForUsers/app/services/user/internal/service/mail.go:26.78,31.16 3 1
github.com/AndroSaal/RecommendationsForUsers/app/services/user/internal/service/mail.go:31.16,34.3 2 1
github.com/AndroSaal/RecommendationsForUsers/app/services/user/internal/service/mail.go:36.2,36.15 1 1
github.com/AndroSaal/RecommendationsForUsers/app/services/user/internal/service/mail.go:36.15,37.39 1 1
github.com/AndroSaal/RecommendationsForUsers/app/services/user/internal/service/mail.go:37.39,39.4 1 0
github.com/AndroSaal/RecommendationsForUsers/app/services/user/internal/service/mail.go:43.2,44.16 2 1
github.com/AndroSaal/RecommendationsForUsers/app/services/user/internal/service/mail.go:44.16,47.3 2 0
github.com/AndroSaal/RecommendationsForUsers/app/services/user/internal/service/mail.go:49.2,49.15 1 1
github.com/AndroSaal/RecommendationsForUsers/app/services/user/internal/service/mail.go:49.15,50.40 1 1
github.com/AndroSaal/RecommendationsForUsers/app/services/user/internal/service/mail.go:50.40,52.4 1 0
github.com/AndroSaal/RecommendationsForUsers/app/services/user/internal/service/mail.go:55.2,57.12 2 1
github.com/AndroSaal/RecommendationsForUsers/app/services/user/internal/service/mail.go:61.68,73.16 5 1
github.com/AndroSaal/RecommendationsForUsers/app/services/user/internal/service/mail.go:73.16,76.3 2 1
github.com/AndroSaal/RecommendationsForUsers/app/services/user/internal/service/mail.go:79.2,80.16 2 1
github.com/AndroSaal/RecommendationsForUsers/app/services/user/internal/service/mail.go:80.16,83.3 2 0
github.com/AndroSaal/RecommendationsForUsers/app/services/user/internal/service/mail.go:86.2,86.42 1 1
github.com/AndroSaal/RecommendationsForUsers/app/services/user/internal/service/mail.go:86.42,89.3 2 1
github.com/AndroSaal/RecommendationsForUsers/app/services/user/internal/service/mail.go:92.2,92.52 1 1
github.com/AndroSaal/RecommendationsForUsers/app/services/user/internal/service/mail.go:92.52,95.3 2 0
github.com/AndroSaal/RecommendationsForUsers/app/services/user/internal/service/mail.go:98.2,98.45 1 1
github.com/AndroSaal/RecommendationsForUsers/app/services/user/internal/service/mail.go:98.45,101.3 2 1
github.com/AndroSaal/RecommendationsForUsers/app/services/user/internal/service/mail.go:103.2,103.20 1 1
github.com/AndroSaal/RecommendationsForUsers/app/services/user/internal/service/mail.go:106.54,108.2 1 1
github.com/AndroSaal/RecommendationsForUsers/app/services/user/internal/service/user-service.go:21.97,27.2 1 1
github.com/AndroSaal/RecommendationsForUsers/app/services/user/internal/service/user-service.go:31.93,39.16 4 1
github.com/AndroSaal/RecommendationsForUsers/app/services/user/internal/service/user-service.go:39.16,42.3 2 1
github.com/AndroSaal/RecommendationsForUsers/app/services/user/internal/service/user-service.go:46.2,46.63 1 1
github.com/AndroSaal/RecommendationsForUsers/app/services/user/internal/service/user-service.go:46.63,48.3 1 1
github.com/AndroSaal/RecommendationsForUsers/app/services/user/internal/service/user-service.go:50.2,50.16 1 1
github.com/AndroSaal/RecommendationsForUsers/app/services/user/internal/service/user-service.go:55.94,60.16 3 1
github.com/AndroSaal/RecommendationsForUsers/app/services/user/internal/service/user-service.go:60.16,63.3 2 1
github.com/AndroSaal/RecommendationsForUsers/app/services/user/internal/service/user-service.go:65.2,65.24 1 1
github.com/AndroSaal/RecommendationsForUsers/app/services/user/internal/service/user-service.go:69.92,73.16 3 1
github.com/AndroSaal/RecommendationsForUsers/app/services/user/internal/service/user-service.go:73.16,77.3 2 1
github.com/AndroSaal/RecommendationsForUsers/app/services/user/internal/service/user-service.go:78.2,78.18 1 1
github.com/AndroSaal/RecommendationsForUsers/app/services/user/internal/service/user-service.go:82.101,86.16 3 1
github.com/AndroSaal/RecommendationsForUsers/app/services/user/internal/service/user-service.go:86.16,89.3 2 1
github.com/AndroSaal/RecommendationsForUsers/app/services/user/internal/service/user-service.go:90.2,90.18 1 1
github.com/AndroSaal/RecommendationsForUsers/app/services/user/internal/service/user-service.go:94.98,97.61 2 1
github.com/AndroSaal/RecommendationsForUsers/app/services/user/internal/service/user-service.go:97.61,101.3 2 1
github.com/AndroSaal/RecommendationsForUsers/app/services/user/internal/service/user-service.go:102.2,102.12 1 1
github.com/AndroSaal/RecommendationsForUsers/app/services/user/internal/service/user-service.go:105.28,123.2 4 1
