mode: set
github.com/AndroSaal/RecommendationsForUsers/app/services/product/internal/service/product-service.go:17.86,22.2 1 1
github.com/AndroSaal/RecommendationsForUsers/app/services/product/internal/service/product-service.go:25.105,29.16 3 1
github.com/AndroSaal/RecommendationsForUsers/app/services/product/internal/service/product-service.go:29.16,32.3 2 1
github.com/AndroSaal/RecommendationsForUsers/app/services/product/internal/service/product-service.go:33.2,33.23 1 1
github.com/AndroSaal/RecommendationsForUsers/app/services/product/internal/service/product-service.go:37.113,40.70 2 1
github.com/AndroSaal/RecommendationsForUsers/app/services/product/internal/service/product-service.go:40.70,44.3 2 1
github.com/AndroSaal/RecommendationsForUsers/app/services/product/internal/service/product-service.go:46.2,46.12 1 1
github.com/AndroSaal/RecommendationsForUsers/app/services/product/internal/service/product-service.go:50.82,53.61 2 1
github.com/AndroSaal/RecommendationsForUsers/app/services/product/internal/service/product-service.go:53.61,56.3 2 1
github.com/AndroSaal/RecommendationsForUsers/app/services/product/internal/service/product-service.go:57.2,57.12 1 1
github.com/AndroSaal/RecommendationsForUsers/app/services/product/internal/transport/api/handler.go:23.96,29.2 1 1
github.com/AndroSaal/RecommendationsForUsers/app/services/product/internal/transport/api/handler.go:31.49,38.45 5 1
github.com/AndroSaal/RecommendationsForUsers/app/services/product/internal/transport/api/handler.go:38.45,42.3 3 1
github.com/AndroSaal/RecommendationsForUsers/app/services/product/internal/transport/api/handler.go:44.2,44.54 1 1
github.com/AndroSaal/RecommendationsForUsers/app/services/product/internal/transport/api/handler.go:44.54,48.3 3 1
github.com/AndroSaal/RecommendationsForUsers/app/services/product/internal/transport/api/handler.go:50.2,52.16 2 1
github.com/AndroSaal/RecommendationsForUsers/app/services/product/internal/transport/api/handler.go:52.16,56.3 3 1
github.com/AndroSaal/RecommendationsForUsers/app/services/product/internal/transport/api/handler.go:59.2,61.61 3 1
github.com/AndroSaal/RecommendationsForUsers/app/services/product/internal/transport/api/handler.go:61.61,65.3 3 1
github.com/AndroSaal/RecommendationsForUsers/app/services/product/internal/transport/api/handler.go:68.2,70.4 1 1
github.com/AndroSaal/RecommendationsForUsers/app/services/product/internal/transport/api/handler.go:73.49,81.20 6 1
github.com/AndroSaal/RecommendationsForUsers/app/services/product/internal/transport/api/handler.go:81.20,85.3 3 1
github.com/AndroSaal/RecommendationsForUsers/app/services/product/internal/transport/api/handler.go:87.2,88.16 2 1
github.com/AndroSaal/RecommendationsForUsers/app/services/product/internal/transport/api/handler.go:88.16,92.3 3 1
github.com/AndroSaal/RecommendationsForUsers/app/services/product/internal/transport/api/handler.go:94.2,94.58 1 1
github.com/AndroSaal/RecommendationsForUsers/app/services/product/internal/transport/api/handler.go:94.58,98.3 3 1
github.com/AndroSaal/RecommendationsForUsers/app/services/product/internal/transport/api/handler.go:100.2,100.45 1 1
github.com/AndroSaal/RecommendationsForUsers/app/services/product/internal/transport/api/handler.go:100.45,104.3 3 1
github.com/AndroSaal/RecommendationsForUsers/app/services/product/internal/transport/api/handler.go:106.2,107.98 2 1
github.com/AndroSaal/RecommendationsForUsers/app/services/product/internal/transport/api/handler.go:107.98,111.3 3 1
github.com/AndroSaal/RecommendationsForUsers/app/services/product/internal/transport/api/handler.go:111.8,111.23 1 1
github.com/AndroSaal/RecommendationsForUsers/app/services/product/internal/transport/api/handler.go:111.23,115.3 3 1
github.com/AndroSaal/RecommendationsForUsers/app/services/product/internal/transport/api/handler.go:117.2,118.63 2 1
github.com/AndroSaal/RecommendationsForUsers/app/services/product/internal/transport/api/handler.go:118.63,122.3 3 1
github.com/AndroSaal/RecommendationsForUsers/app/services/product/internal/transport/api/handler.go:125.2,125.44 1 1
github.com/AndroSaal/RecommendationsForUsers/app/services/product/internal/transport/api/handler.go:128.49,136.20 6 1
github.com/AndroSaal/RecommendationsForUsers/app/services/product/internal/transport/api/handler.go:136.20,140.3 3 1
github.com/AndroSaal/RecommendationsForUsers/app/services/product/internal/transport/api/handler.go:142.2,143.16 2 1
github.com/AndroSaal/RecommendationsForUsers/app/services/product/internal/transport/api/handler.go:143.16,147.3 3 1
github.com/AndroSaal/RecommendationsForUsers/app/services/product/internal/transport/api/handler.go:149.2,149.58 1 1
github.com/AndroSaal/RecommendationsForUsers/app/services/product/internal/transport/api/handler.go:149.58,153.3 3 1
github.com/AndroSaal/RecommendationsForUsers/app/services/product/internal/transport/api/handler.go:156.2,157.88 2 1
github.com/AndroSaal/RecommendationsForUsers/app/services/product/internal/transport/api/handler.go:157.88,161.3 3 1
github.com/AndroSaal/RecommendationsForUsers/app/services/product/internal/transport/api/handler.go:161.8,161.23 1 1
github.com/AndroSaal/RecommendationsForUsers/app/services/product/internal/transport/api/handler.go:161.23,165.3 3 1
github.com/AndroSaal/RecommendationsForUsers/app/services/product/internal/transport/api/handler.go:168.2,169.63 2 1
github.com/AndroSaal/RecommendationsForUsers/app/services/product/internal/transport/api/handler.go:169.63,173.3 3 1
github.com/AndroSaal/RecommendationsForUsers/app/services/product/internal/transport/api/handler.go:176.2,176.44 1 1
github.com/AndroSaal/RecommendationsForUsers/app/services/product/internal/transport/api/handler.go:179.68,181.2 1 1
github.com/AndroSaal/RecommendationsForUsers/app/services/product/internal/transport/api/middleware.go:10.71,17.2 2 1
github.com/AndroSaal/RecommendationsForUsers/app/services/product/internal/transport/api/routes.go:5.44,10.2 3 1
github.com/AndroSaal/RecommendationsForUsers/app/services/product/internal/transport/api/routes.go:10.2,15.3 3 1
github.com/AndroSaal/RecommendationsForUsers/app/services/product/internal/transport/api/routes.go:15.3,18.4 2 1
github.com/AndroSaal/RecommendationsForUsers/app/services/product/internal/transport/api/routes.go:21.2,21.15 1 1
github.com/AndroSaal/RecommendationsForUsers/app/services/product/internal/repository/postgres.go:29.71,39.2 2 1
github.com/AndroSaal/RecommendationsForUsers/app/services/product/internal/repository/postgres.go:41.101,47.16 3 1
github.com/AndroSaal/RecommendationsForUsers/app/services/product/internal/repository/postgres.go:47.16,49.3 1 0
github.com/AndroSaal/RecommendationsForUsers/app/services/product/internal/repository/postgres.go:52.2,66.45 3 1
github.com/AndroSaal/RecommendationsForUsers/app/services/product/internal/repository/postgres.go:66.45,70.3 3 1
github.com/AndroSaal/RecommendationsForUsers/app/services/product/internal/repository/postgres.go:73.2,73.74 1 1
github.com/AndroSaal/RecommendationsForUsers/app/services/product/internal/repository/postgres.go:73.74,77.3 3 1
github.com/AndroSaal/RecommendationsForUsers/app/services/product/internal/repository/postgres.go:79.2,81.23 2 1
github.com/AndroSaal/RecommendationsForUsers/app/services/product/internal/repository/postgres.go:84.109,87.16 2 1
github.com/AndroSaal/RecommendationsForUsers/app/services/product/internal/repository/postgres.go:87.16,89.3 1 0
github.com/AndroSaal/RecommendationsForUsers/app/services/product/internal/repository/postgres.go:92.2,93.50 2 1
github.com/AndroSaal/RecommendationsForUsers/app/services/product/internal/repository/postgres.go:93.50,95.27 2 1
github.com/AndroSaal/RecommendationsForUsers/app/services/product/internal/repository/postgres.go:95.27,97.4 1 1
github.com/AndroSaal/RecommendationsForUsers/app/services/product/internal/repository/postgres.go:98.3,98.13 1 1
github.com/AndroSaal/RecommendationsForUsers/app/services/product/internal/repository/postgres.go:101.2,113.16 2 1
github.com/AndroSaal/RecommendationsForUsers/app/services/product/internal/repository/postgres.go:113.16,116.3 2 1
github.com/AndroSaal/RecommendationsForUsers/app/services/product/internal/repository/postgres.go:119.2,123.69 2 1
github.com/AndroSaal/RecommendationsForUsers/app/services/product/internal/repository/postgres.go:123.69,127.3 2 0
github.com/AndroSaal/RecommendationsForUsers/app/services/product/internal/repository/postgres.go:130.2,130.75 1 1
github.com/AndroSaal/RecommendationsForUsers/app/services/product/internal/repository/postgres.go:130.75,133.3 2 1
github.com/AndroSaal/RecommendationsForUsers/app/services/product/internal/repository/postgres.go:135.2,136.12 2 1
github.com/AndroSaal/RecommendationsForUsers/app/services/product/internal/repository/postgres.go:139.78,142.16 2 1
github.com/AndroSaal/RecommendationsForUsers/app/services/product/internal/repository/postgres.go:142.16,144.3 1 0
github.com/AndroSaal/RecommendationsForUsers/app/services/product/internal/repository/postgres.go:146.2,147.50 2 1
github.com/AndroSaal/RecommendationsForUsers/app/services/product/internal/repository/postgres.go:147.50,148.27 1 1
github.com/AndroSaal/RecommendationsForUsers/app/services/product/internal/repository/postgres.go:148.27,150.4 1 1
github.com/AndroSaal/RecommendationsForUsers/app/services/product/internal/repository/postgres.go:151.3,152.13 2 1
github.com/AndroSaal/RecommendationsForUsers/app/services/product/internal/repository/postgres.go:155.2,161.55 2 1
github.com/AndroSaal/RecommendationsForUsers/app/services/product/internal/repository/postgres.go:161.55,164.3 2 0
github.com/AndroSaal/RecommendationsForUsers/app/services/product/internal/repository/postgres.go:167.2,171.69 2 1
github.com/AndroSaal/RecommendationsForUsers/app/services/product/internal/repository/postgres.go:171.69,175.3 2 0
github.com/AndroSaal/RecommendationsForUsers/app/services/product/internal/repository/postgres.go:177.2,177.12 1 1
github.com/AndroSaal/RecommendationsForUsers/app/services/product/internal/repository/postgres.go:181.108,182.50 1 1
github.com/AndroSaal/RecommendationsForUsers/app/services/product/internal/repository/postgres.go:182.50,190.71 4 1
github.com/AndroSaal/RecommendationsForUsers/app/services/product/internal/repository/postgres.go:190.71,201.53 4 1
github.com/AndroSaal/RecommendationsForUsers/app/services/product/internal/repository/postgres.go:201.53,203.5 1 1
github.com/AndroSaal/RecommendationsForUsers/app/services/product/internal/repository/postgres.go:204.9,204.24 1 1
github.com/AndroSaal/RecommendationsForUsers/app/services/product/internal/repository/postgres.go:204.24,206.4 1 0
github.com/AndroSaal/RecommendationsForUsers/app/services/product/internal/repository/postgres.go:209.3,215.82 2 1
github.com/AndroSaal/RecommendationsForUsers/app/services/product/internal/repository/postgres.go:215.82,217.4 1 0
github.com/AndroSaal/RecommendationsForUsers/app/services/product/internal/repository/postgres.go:219.2,219.12 1 1
github.com/AndroSaal/RecommendationsForUsers/app/services/product/internal/repository/repository.go:24.87,29.2 1 1
github.com/AndroSaal/RecommendationsForUsers/app/services/product/internal/repository/repository.go:31.112,35.16 3 1
github.com/AndroSaal/RecommendationsForUsers/app/services/product/internal/repository/repository.go:35.16,39.3 2 1
github.com/AndroSaal/RecommendationsForUsers/app/services/product/internal/repository/repository.go:40.2,41.23 2 1
github.com/AndroSaal/RecommendationsForUsers/app/services/product/internal/repository/repository.go:44.120,48.16 3 1
github.com/AndroSaal/RecommendationsForUsers/app/services/product/internal/repository/repository.go:48.16,51.3 2 1
github.com/AndroSaal/RecommendationsForUsers/app/services/product/internal/repository/repository.go:52.2,53.12 2 1
github.com/AndroSaal/RecommendationsForUsers/app/services/product/internal/repository/repository.go:56.85,60.16 3 1
github.com/AndroSaal/RecommendationsForUsers/app/services/product/internal/repository/repository.go:60.16,63.3 2 1
github.com/AndroSaal/RecommendationsForUsers/app/services/product/internal/repository/repository.go:64.2,65.12 2 1
github.com/AndroSaal/RecommendationsForUsers/app/services/product/internal/transport/kafka/producer/producer.go:27.81,30.16 3 1
github.com/AndroSaal/RecommendationsForUsers/app/services/product/internal/transport/kafka/producer/producer.go:30.16,33.3 2 1
github.com/AndroSaal/RecommendationsForUsers/app/services/product/internal/transport/kafka/producer/producer.go:35.2,38.8 1 1
github.com/AndroSaal/RecommendationsForUsers/app/services/product/internal/transport/kafka/producer/producer.go:41.34,46.2 4 1
github.com/AndroSaal/RecommendationsForUsers/app/services/product/internal/transport/kafka/producer/producer.go:48.83,53.17 3 1
github.com/AndroSaal/RecommendationsForUsers/app/services/product/internal/transport/kafka/producer/producer.go:53.17,56.3 2 1
github.com/AndroSaal/RecommendationsForUsers/app/services/product/internal/transport/kafka/producer/producer.go:58.2,60.47 2 1
github.com/AndroSaal/RecommendationsForUsers/app/services/product/internal/transport/kafka/producer/producer.go:60.47,62.3 1 1
github.com/AndroSaal/RecommendationsForUsers/app/services/product/internal/transport/kafka/producer/producer.go:64.2,71.16 3 1
github.com/AndroSaal/RecommendationsForUsers/app/services/product/internal/transport/kafka/producer/producer.go:71.16,74.3 2 0
github.com/AndroSaal/RecommendationsForUsers/app/services/product/internal/transport/kafka/producer/producer.go:76.2,81.16 2 1
github.com/AndroSaal/RecommendationsForUsers/app/services/product/internal/transport/kafka/producer/producer.go:81.16,84.3 2 0
github.com/AndroSaal/RecommendationsForUsers/app/services/product/internal/transport/kafka/producer/producer.go:84.8,88.3 1 1
github.com/AndroSaal/RecommendationsForUsers/app/services/product/internal/transport/kafka/producer/producer.go:90.2,90.12 1 1
github.com/AndroSaal/RecommendationsForUsers/app/services/product/internal/transport/kafka/producer/producer.go:93.34,97.16 3 1
github.com/AndroSaal/RecommendationsForUsers/app/services/product/internal/transport/kafka/producer/producer.go:97.16,100.3 2 0
github.com/AndroSaal/RecommendationsForUsers/app/services/product/internal/transport/kafka/producer/producer.go:102.2,102.12 1 1
github.com/AndroSaal/RecommendationsForUsers/app/services/product/internal/transport/kafka/producer/producer.go:106.51,114.16 5 1
github.com/AndroSaal/RecommendationsForUsers/app/services/product/internal/transport/kafka/producer/producer.go:114.16,116.3 1 1
github.com/AndroSaal/RecommendationsForUsers/app/services/product/internal/transport/kafka/producer/producer.go:118.2,118.10 1 1
