mode: set
github.com/AndroSaal/RecommendationsForUsers/app/services/analytics/internal/service/analytics-service.go:19.90,24.2 1 1
github.com/AndroSaal/RecommendationsForUsers/app/services/analytics/internal/service/analytics-service.go:26.99,31.61 3 1
github.com/AndroSaal/RecommendationsForUsers/app/services/analytics/internal/service/analytics-service.go:31.61,34.3 2 1
github.com/AndroSaal/RecommendationsForUsers/app/services/analytics/internal/service/analytics-service.go:37.2,37.63 1 1
github.com/AndroSaal/RecommendationsForUsers/app/services/analytics/internal/service/analytics-service.go:37.63,40.3 2 1
github.com/AndroSaal/RecommendationsForUsers/app/services/analytics/internal/service/analytics-service.go:42.2,42.12 1 1
github.com/AndroSaal/RecommendationsForUsers/app/services/analytics/internal/service/analytics-service.go:45.96,50.58 3 1
github.com/AndroSaal/RecommendationsForUsers/app/services/analytics/internal/service/analytics-service.go:50.58,53.3 2 1
github.com/AndroSaal/RecommendationsForUsers/app/services/analytics/internal/service/analytics-service.go:56.2,56.57 1 1
github.com/AndroSaal/RecommendationsForUsers/app/services/analytics/internal/service/analytics-service.go:56.57,59.3 2 1
github.com/AndroSaal/RecommendationsForUsers/app/services/analytics/internal/service/analytics-service.go:61.2,61.12 1 1
github.com/AndroSaal/RecommendationsForUsers/app/services/analytics/internal/repository/postgres.go:28.71,38.2 2 1
github.com/AndroSaal/RecommendationsForUsers/app/services/analytics/internal/repository/postgres.go:40.102,44.16 3 1
github.com/AndroSaal/RecommendationsForUsers/app/services/analytics/internal/repository/postgres.go:44.16,46.3 1 0
github.com/AndroSaal/RecommendationsForUsers/app/services/analytics/internal/repository/postgres.go:49.2,53.56 2 1
github.com/AndroSaal/RecommendationsForUsers/app/services/analytics/internal/repository/postgres.go:53.56,56.3 2 1
github.com/AndroSaal/RecommendationsForUsers/app/services/analytics/internal/repository/postgres.go:58.2,66.45 5 1
github.com/AndroSaal/RecommendationsForUsers/app/services/analytics/internal/repository/postgres.go:66.45,69.3 2 0
github.com/AndroSaal/RecommendationsForUsers/app/services/analytics/internal/repository/postgres.go:71.2,73.23 3 1
github.com/AndroSaal/RecommendationsForUsers/app/services/analytics/internal/repository/postgres.go:76.111,80.16 3 1
github.com/AndroSaal/RecommendationsForUsers/app/services/analytics/internal/repository/postgres.go:80.16,82.3 1 0
github.com/AndroSaal/RecommendationsForUsers/app/services/analytics/internal/repository/postgres.go:85.2,89.62 2 1
github.com/AndroSaal/RecommendationsForUsers/app/services/analytics/internal/repository/postgres.go:89.62,92.3 2 1
github.com/AndroSaal/RecommendationsForUsers/app/services/analytics/internal/repository/postgres.go:95.2,100.32 3 1
github.com/AndroSaal/RecommendationsForUsers/app/services/analytics/internal/repository/postgres.go:100.32,102.3 1 0
github.com/AndroSaal/RecommendationsForUsers/app/services/analytics/internal/repository/postgres.go:102.8,104.3 1 1
github.com/AndroSaal/RecommendationsForUsers/app/services/analytics/internal/repository/postgres.go:105.2,108.45 3 1
github.com/AndroSaal/RecommendationsForUsers/app/services/analytics/internal/repository/postgres.go:108.45,111.3 2 0
github.com/AndroSaal/RecommendationsForUsers/app/services/analytics/internal/repository/postgres.go:112.2,115.23 3 1
github.com/AndroSaal/RecommendationsForUsers/app/services/analytics/internal/repository/redis.go:26.62,32.2 1 1
github.com/AndroSaal/RecommendationsForUsers/app/services/analytics/internal/repository/redis.go:34.124,42.16 4 1
github.com/AndroSaal/RecommendationsForUsers/app/services/analytics/internal/repository/redis.go:42.16,44.3 1 0
github.com/AndroSaal/RecommendationsForUsers/app/services/analytics/internal/repository/redis.go:46.2,47.16 2 1
github.com/AndroSaal/RecommendationsForUsers/app/services/analytics/internal/repository/redis.go:47.16,49.3 1 0
github.com/AndroSaal/RecommendationsForUsers/app/services/analytics/internal/repository/redis.go:51.2,51.12 1 1
github.com/AndroSaal/RecommendationsForUsers/app/services/analytics/internal/repository/redis.go:54.115,62.16 4 1
github.com/AndroSaal/RecommendationsForUsers/app/services/analytics/internal/repository/redis.go:62.16,64.3 1 0
github.com/AndroSaal/RecommendationsForUsers/app/services/analytics/internal/repository/redis.go:66.2,67.16 2 1
github.com/AndroSaal/RecommendationsForUsers/app/services/analytics/internal/repository/redis.go:67.16,69.3 1 0
github.com/AndroSaal/RecommendationsForUsers/app/services/analytics/internal/repository/redis.go:71.2,71.12 1 1
github.com/AndroSaal/RecommendationsForUsers/app/services/analytics/internal/repository/redis.go:74.66,79.16 3 1
github.com/AndroSaal/RecommendationsForUsers/app/services/analytics/internal/repository/redis.go:79.16,81.3 1 0
github.com/AndroSaal/RecommendationsForUsers/app/services/analytics/internal/repository/redis.go:82.2,82.12 1 1
github.com/AndroSaal/RecommendationsForUsers/app/services/analytics/internal/repository/repository.go:23.111,29.2 1 1
github.com/AndroSaal/RecommendationsForUsers/app/services/analytics/internal/repository/repository.go:31.107,36.16 4 1
github.com/AndroSaal/RecommendationsForUsers/app/services/analytics/internal/repository/repository.go:36.16,39.3 2 1
github.com/AndroSaal/RecommendationsForUsers/app/services/analytics/internal/repository/repository.go:41.2,41.73 1 1
github.com/AndroSaal/RecommendationsForUsers/app/services/analytics/internal/repository/repository.go:41.73,44.3 2 1
github.com/AndroSaal/RecommendationsForUsers/app/services/analytics/internal/repository/repository.go:46.2,46.12 1 1
github.com/AndroSaal/RecommendationsForUsers/app/services/analytics/internal/repository/repository.go:49.98,54.16 4 1
github.com/AndroSaal/RecommendationsForUsers/app/services/analytics/internal/repository/repository.go:54.16,57.3 2 1
github.com/AndroSaal/RecommendationsForUsers/app/services/analytics/internal/repository/repository.go:59.2,59.67 1 1
github.com/AndroSaal/RecommendationsForUsers/app/services/analytics/internal/repository/repository.go:59.67,62.3 2 1
github.com/AndroSaal/RecommendationsForUsers/app/services/analytics/internal/repository/repository.go:64.2,64.12 1 1
github.com/AndroSaal/RecommendationsForUsers/app/services/analytics/internal/repository/repository.go:67.48,71.30 3 1
github.com/AndroSaal/RecommendationsForUsers/app/services/analytics/internal/repository/repository.go:71.30,72.55 1 1
github.com/AndroSaal/RecommendationsForUsers/app/services/analytics/internal/repository/repository.go:72.55,75.4 2 1
github.com/AndroSaal/RecommendationsForUsers/app/services/analytics/internal/repository/repository.go:78.2,78.15 1 1
github.com/AndroSaal/RecommendationsForUsers/app/services/analytics/internal/transport/kafka/consumer/consumer.go:20.88,24.16 3 1
github.com/AndroSaal/RecommendationsForUsers/app/services/analytics/internal/transport/kafka/consumer/consumer.go:24.16,26.3 1 1
github.com/AndroSaal/RecommendationsForUsers/app/services/analytics/internal/transport/kafka/consumer/consumer.go:28.2,32.8 1 1
github.com/AndroSaal/RecommendationsForUsers/app/services/analytics/internal/transport/kafka/consumer/consumer.go:35.85,39.32 3 1
github.com/AndroSaal/RecommendationsForUsers/app/services/analytics/internal/transport/kafka/consumer/consumer.go:39.32,41.3 1 1
github.com/AndroSaal/RecommendationsForUsers/app/services/analytics/internal/transport/kafka/consumer/consumer.go:43.2,43.6 1 1
github.com/AndroSaal/RecommendationsForUsers/app/services/analytics/internal/transport/kafka/consumer/consumer.go:43.6,44.10 1 1
github.com/AndroSaal/RecommendationsForUsers/app/services/analytics/internal/transport/kafka/consumer/consumer.go:45.32,46.10 1 1
github.com/AndroSaal/RecommendationsForUsers/app/services/analytics/internal/transport/kafka/consumer/consumer.go:46.10,47.22 1 1
github.com/AndroSaal/RecommendationsForUsers/app/services/analytics/internal/transport/kafka/consumer/consumer.go:48.25,50.58 2 1
github.com/AndroSaal/RecommendationsForUsers/app/services/analytics/internal/transport/kafka/consumer/consumer.go:50.58,53.7 2 1
github.com/AndroSaal/RecommendationsForUsers/app/services/analytics/internal/transport/kafka/consumer/consumer.go:54.28,56.61 2 1
github.com/AndroSaal/RecommendationsForUsers/app/services/analytics/internal/transport/kafka/consumer/consumer.go:56.61,59.7 2 1
github.com/AndroSaal/RecommendationsForUsers/app/services/analytics/internal/transport/kafka/consumer/consumer.go:62.21,64.14 2 1
github.com/AndroSaal/RecommendationsForUsers/app/services/analytics/internal/transport/kafka/consumer/consumer.go:73.3,75.16 2 1
github.com/AndroSaal/RecommendationsForUsers/app/services/analytics/internal/transport/kafka/consumer/consumer.go:75.16,77.3 1 0
github.com/AndroSaal/RecommendationsForUsers/app/services/analytics/internal/transport/kafka/consumer/consumer.go:78.2,80.6 2 1
github.com/AndroSaal/RecommendationsForUsers/app/services/analytics/internal/transport/kafka/consumer/consumer.go:80.6,81.10 1 1
github.com/AndroSaal/RecommendationsForUsers/app/services/analytics/internal/transport/kafka/consumer/consumer.go:82.31,84.62 2 1
github.com/AndroSaal/RecommendationsForUsers/app/services/analytics/internal/transport/kafka/consumer/consumer.go:85.29,86.56 1 0
github.com/AndroSaal/RecommendationsForUsers/app/services/analytics/internal/transport/kafka/consumer/consumer.go:87.21,89.10 2 1
github.com/AndroSaal/RecommendationsForUsers/app/services/analytics/internal/transport/kafka/consumer/consumer.go:95.34,100.2 4 1
github.com/AndroSaal/RecommendationsForUsers/app/services/analytics/internal/transport/kafka/consumer/consumer.go:101.51,111.16 7 1
github.com/AndroSaal/RecommendationsForUsers/app/services/analytics/internal/transport/kafka/consumer/consumer.go:111.16,113.3 1 1
github.com/AndroSaal/RecommendationsForUsers/app/services/analytics/internal/transport/kafka/consumer/consumer.go:115.2,115.10 1 1
