mode: set
github.com/AndroSaal/RecommendationsForUsers/app/services/recommendation/internal/service/recom-service.go:20.100,25.2 1 1
github.com/AndroSaal/RecommendationsForUsers/app/services/recommendation/internal/service/recom-service.go:28.100,31.16 3 1
github.com/AndroSaal/RecommendationsForUsers/app/services/recommendation/internal/service/recom-service.go:31.16,34.3 2 1
github.com/AndroSaal/RecommendationsForUsers/app/services/recommendation/internal/service/recom-service.go:35.2,36.26 2 1
github.com/AndroSaal/RecommendationsForUsers/app/services/recommendation/internal/service/recom-service.go:36.26,38.3 1 1
github.com/AndroSaal/RecommendationsForUsers/app/services/recommendation/internal/service/recom-service.go:40.2,40.24 1 1
github.com/AndroSaal/RecommendationsForUsers/app/services/recommendation/internal/service/recom-service.go:43.104,48.61 3 1
github.com/AndroSaal/RecommendationsForUsers/app/services/recommendation/internal/service/recom-service.go:48.61,51.3 2 1
github.com/AndroSaal/RecommendationsForUsers/app/services/recommendation/internal/service/recom-service.go:53.2,58.63 2 1
github.com/AndroSaal/RecommendationsForUsers/app/services/recommendation/internal/service/recom-service.go:58.63,61.3 2 1
github.com/AndroSaal/RecommendationsForUsers/app/services/recommendation/internal/service/recom-service.go:63.2,63.12 1 1
github.com/AndroSaal/RecommendationsForUsers/app/services/recommendation/internal/service/recom-service.go:66.101,73.58 3 1
github.com/AndroSaal/RecommendationsForUsers/app/services/recommendation/internal/service/recom-service.go:73.58,76.3 2 1
github.com/AndroSaal/RecommendationsForUsers/app/services/recommendation/internal/service/recom-service.go:76.8,80.3 1 1
github.com/AndroSaal/RecommendationsForUsers/app/services/recommendation/internal/service/recom-service.go:82.2,87.57 2 1
github.com/AndroSaal/RecommendationsForUsers/app/services/recommendation/internal/service/recom-service.go:87.57,90.3 2 1
github.com/AndroSaal/RecommendationsForUsers/app/services/recommendation/internal/service/recom-service.go:92.2,92.12 1 1
github.com/AndroSaal/RecommendationsForUsers/app/services/recommendation/internal/repository/postgres.go:23.71,33.2 2 1
github.com/AndroSaal/RecommendationsForUsers/app/services/recommendation/internal/repository/postgres.go:36.90,40.16 2 1
github.com/AndroSaal/RecommendationsForUsers/app/services/recommendation/internal/repository/postgres.go:40.16,42.3 1 0
github.com/AndroSaal/RecommendationsForUsers/app/services/recommendation/internal/repository/postgres.go:45.2,46.47 2 1
github.com/AndroSaal/RecommendationsForUsers/app/services/recommendation/internal/repository/postgres.go:46.47,48.36 2 1
github.com/AndroSaal/RecommendationsForUsers/app/services/recommendation/internal/repository/postgres.go:48.36,50.4 1 1
github.com/AndroSaal/RecommendationsForUsers/app/services/recommendation/internal/repository/postgres.go:51.3,51.18 1 1
github.com/AndroSaal/RecommendationsForUsers/app/services/recommendation/internal/repository/postgres.go:55.2,62.16 3 1
github.com/AndroSaal/RecommendationsForUsers/app/services/recommendation/internal/repository/postgres.go:62.16,65.3 2 0
github.com/AndroSaal/RecommendationsForUsers/app/services/recommendation/internal/repository/postgres.go:65.8,65.43 1 1
github.com/AndroSaal/RecommendationsForUsers/app/services/recommendation/internal/repository/postgres.go:65.43,69.3 2 0
github.com/AndroSaal/RecommendationsForUsers/app/services/recommendation/internal/repository/postgres.go:70.2,74.19 3 1
github.com/AndroSaal/RecommendationsForUsers/app/services/recommendation/internal/repository/postgres.go:74.19,76.49 2 1
github.com/AndroSaal/RecommendationsForUsers/app/services/recommendation/internal/repository/postgres.go:76.49,79.4 2 0
github.com/AndroSaal/RecommendationsForUsers/app/services/recommendation/internal/repository/postgres.go:80.3,80.22 1 1
github.com/AndroSaal/RecommendationsForUsers/app/services/recommendation/internal/repository/postgres.go:80.22,82.4 1 1
github.com/AndroSaal/RecommendationsForUsers/app/services/recommendation/internal/repository/postgres.go:82.9,83.12 1 1
github.com/AndroSaal/RecommendationsForUsers/app/services/recommendation/internal/repository/postgres.go:87.2,90.43 3 1
github.com/AndroSaal/RecommendationsForUsers/app/services/recommendation/internal/repository/postgres.go:90.43,98.17 3 1
github.com/AndroSaal/RecommendationsForUsers/app/services/recommendation/internal/repository/postgres.go:98.17,101.4 2 0
github.com/AndroSaal/RecommendationsForUsers/app/services/recommendation/internal/repository/postgres.go:102.3,105.20 2 1
github.com/AndroSaal/RecommendationsForUsers/app/services/recommendation/internal/repository/postgres.go:105.20,107.49 2 1
github.com/AndroSaal/RecommendationsForUsers/app/services/recommendation/internal/repository/postgres.go:107.49,110.5 2 0
github.com/AndroSaal/RecommendationsForUsers/app/services/recommendation/internal/repository/postgres.go:111.4,111.64 1 1
github.com/AndroSaal/RecommendationsForUsers/app/services/recommendation/internal/repository/postgres.go:115.2,117.33 2 1
github.com/AndroSaal/RecommendationsForUsers/app/services/recommendation/internal/repository/postgres.go:120.89,123.16 3 1
github.com/AndroSaal/RecommendationsForUsers/app/services/recommendation/internal/repository/postgres.go:123.16,125.3 1 0
github.com/AndroSaal/RecommendationsForUsers/app/services/recommendation/internal/repository/postgres.go:128.2,132.56 2 1
github.com/AndroSaal/RecommendationsForUsers/app/services/recommendation/internal/repository/postgres.go:132.56,135.3 2 1
github.com/AndroSaal/RecommendationsForUsers/app/services/recommendation/internal/repository/postgres.go:138.2,138.92 1 1
github.com/AndroSaal/RecommendationsForUsers/app/services/recommendation/internal/repository/postgres.go:138.92,142.3 3 1
github.com/AndroSaal/RecommendationsForUsers/app/services/recommendation/internal/repository/postgres.go:142.8,144.3 1 1
github.com/AndroSaal/RecommendationsForUsers/app/services/recommendation/internal/repository/postgres.go:146.2,147.12 2 1
github.com/AndroSaal/RecommendationsForUsers/app/services/recommendation/internal/repository/postgres.go:150.98,154.16 3 1
github.com/AndroSaal/RecommendationsForUsers/app/services/recommendation/internal/repository/postgres.go:154.16,156.3 1 0
github.com/AndroSaal/RecommendationsForUsers/app/services/recommendation/internal/repository/postgres.go:159.2,163.62 2 1
github.com/AndroSaal/RecommendationsForUsers/app/services/recommendation/internal/repository/postgres.go:163.62,166.3 2 1
github.com/AndroSaal/RecommendationsForUsers/app/services/recommendation/internal/repository/postgres.go:169.2,170.86 1 1
github.com/AndroSaal/RecommendationsForUsers/app/services/recommendation/internal/repository/postgres.go:170.86,174.3 3 1
github.com/AndroSaal/RecommendationsForUsers/app/services/recommendation/internal/repository/postgres.go:174.8,176.3 1 1
github.com/AndroSaal/RecommendationsForUsers/app/services/recommendation/internal/repository/postgres.go:178.2,179.12 2 1
github.com/AndroSaal/RecommendationsForUsers/app/services/recommendation/internal/repository/postgres.go:183.72,187.30 3 1
github.com/AndroSaal/RecommendationsForUsers/app/services/recommendation/internal/repository/postgres.go:187.30,189.3 1 1
github.com/AndroSaal/RecommendationsForUsers/app/services/recommendation/internal/repository/postgres.go:189.8,189.33 1 1
github.com/AndroSaal/RecommendationsForUsers/app/services/recommendation/internal/repository/postgres.go:189.33,191.3 1 1
github.com/AndroSaal/RecommendationsForUsers/app/services/recommendation/internal/repository/postgres.go:193.2,197.76 2 1
github.com/AndroSaal/RecommendationsForUsers/app/services/recommendation/internal/repository/postgres.go:197.76,199.3 1 1
github.com/AndroSaal/RecommendationsForUsers/app/services/recommendation/internal/repository/postgres.go:201.2,201.29 1 1
github.com/AndroSaal/RecommendationsForUsers/app/services/recommendation/internal/repository/postgres.go:201.29,210.46 4 1
github.com/AndroSaal/RecommendationsForUsers/app/services/recommendation/internal/repository/postgres.go:210.46,212.28 1 1
github.com/AndroSaal/RecommendationsForUsers/app/services/recommendation/internal/repository/postgres.go:212.28,214.5 1 0
github.com/AndroSaal/RecommendationsForUsers/app/services/recommendation/internal/repository/postgres.go:214.10,214.29 1 1
github.com/AndroSaal/RecommendationsForUsers/app/services/recommendation/internal/repository/postgres.go:214.29,215.13 1 0
github.com/AndroSaal/RecommendationsForUsers/app/services/recommendation/internal/repository/postgres.go:218.4,219.18 2 1
github.com/AndroSaal/RecommendationsForUsers/app/services/recommendation/internal/repository/postgres.go:219.18,221.5 1 1
github.com/AndroSaal/RecommendationsForUsers/app/services/recommendation/internal/repository/postgres.go:224.3,229.75 2 1
github.com/AndroSaal/RecommendationsForUsers/app/services/recommendation/internal/repository/postgres.go:229.75,231.4 1 0
github.com/AndroSaal/RecommendationsForUsers/app/services/recommendation/internal/repository/postgres.go:233.2,233.12 1 1
github.com/AndroSaal/RecommendationsForUsers/app/services/recommendation/internal/repository/postgres.go:236.59,248.40 4 1
github.com/AndroSaal/RecommendationsForUsers/app/services/recommendation/internal/repository/postgres.go:248.40,250.3 1 1
github.com/AndroSaal/RecommendationsForUsers/app/services/recommendation/internal/repository/postgres.go:251.2,251.18 1 1
github.com/AndroSaal/RecommendationsForUsers/app/services/recommendation/internal/repository/redis.go:19.62,25.2 1 1
github.com/AndroSaal/RecommendationsForUsers/app/services/recommendation/internal/repository/redis.go:27.84,30.31 3 1
github.com/AndroSaal/RecommendationsForUsers/app/services/recommendation/internal/repository/redis.go:30.31,32.3 1 1
github.com/AndroSaal/RecommendationsForUsers/app/services/recommendation/internal/repository/redis.go:32.8,32.23 1 1
github.com/AndroSaal/RecommendationsForUsers/app/services/recommendation/internal/repository/redis.go:32.23,34.3 1 0
github.com/AndroSaal/RecommendationsForUsers/app/services/recommendation/internal/repository/redis.go:36.2,38.16 3 1
github.com/AndroSaal/RecommendationsForUsers/app/services/recommendation/internal/repository/redis.go:38.16,40.3 1 0
github.com/AndroSaal/RecommendationsForUsers/app/services/recommendation/internal/repository/redis.go:41.2,41.24 1 1
github.com/AndroSaal/RecommendationsForUsers/app/services/recommendation/internal/repository/redis.go:44.93,48.16 3 1
github.com/AndroSaal/RecommendationsForUsers/app/services/recommendation/internal/repository/redis.go:48.16,50.3 1 0
github.com/AndroSaal/RecommendationsForUsers/app/services/recommendation/internal/repository/redis.go:52.2,53.16 2 1
github.com/AndroSaal/RecommendationsForUsers/app/services/recommendation/internal/repository/redis.go:53.16,55.3 1 0
github.com/AndroSaal/RecommendationsForUsers/app/services/recommendation/internal/repository/redis.go:57.2,57.12 1 1
github.com/AndroSaal/RecommendationsForUsers/app/services/recommendation/internal/repository/redis.go:60.75,65.16 3 1
github.com/AndroSaal/RecommendationsForUsers/app/services/recommendation/internal/repository/redis.go:65.16,67.3 1 0
github.com/AndroSaal/RecommendationsForUsers/app/services/recommendation/internal/repository/redis.go:68.2,68.12 1 1
github.com/AndroSaal/RecommendationsForUsers/app/services/recommendation/internal/repository/redis.go:71.61,74.16 2 1
github.com/AndroSaal/RecommendationsForUsers/app/services/recommendation/internal/repository/redis.go:74.16,76.3 1 0
github.com/AndroSaal/RecommendationsForUsers/app/services/recommendation/internal/repository/redis.go:77.2,77.12 1 1
github.com/AndroSaal/RecommendationsForUsers/app/services/recommendation/internal/repository/repository.go:38.105,44.2 1 1
github.com/AndroSaal/RecommendationsForUsers/app/services/recommendation/internal/repository/repository.go:46.94,51.16 3 1
github.com/AndroSaal/RecommendationsForUsers/app/services/recommendation/internal/repository/repository.go:51.16,53.3 1 1
github.com/AndroSaal/RecommendationsForUsers/app/services/recommendation/internal/repository/repository.go:55.2,55.23 1 1
github.com/AndroSaal/RecommendationsForUsers/app/services/recommendation/internal/repository/repository.go:55.23,58.3 2 1
github.com/AndroSaal/RecommendationsForUsers/app/services/recommendation/internal/repository/repository.go:61.2,62.16 2 1
github.com/AndroSaal/RecommendationsForUsers/app/services/recommendation/internal/repository/repository.go:62.16,65.3 2 1
github.com/AndroSaal/RecommendationsForUsers/app/services/recommendation/internal/repository/repository.go:66.2,70.16 3 1
github.com/AndroSaal/RecommendationsForUsers/app/services/recommendation/internal/repository/repository.go:70.16,73.3 2 1
github.com/AndroSaal/RecommendationsForUsers/app/services/recommendation/internal/repository/repository.go:74.2,75.20 2 1
github.com/AndroSaal/RecommendationsForUsers/app/services/recommendation/internal/repository/repository.go:78.103,82.16 3 1
github.com/AndroSaal/RecommendationsForUsers/app/services/recommendation/internal/repository/repository.go:82.16,85.3 2 1
github.com/AndroSaal/RecommendationsForUsers/app/services/recommendation/internal/repository/repository.go:86.2,87.16 2 1
github.com/AndroSaal/RecommendationsForUsers/app/services/recommendation/internal/repository/repository.go:87.16,90.3 2 1
github.com/AndroSaal/RecommendationsForUsers/app/services/recommendation/internal/repository/repository.go:92.2,92.12 1 1
github.com/AndroSaal/RecommendationsForUsers/app/services/recommendation/internal/repository/repository.go:95.94,99.16 3 1
github.com/AndroSaal/RecommendationsForUsers/app/services/recommendation/internal/repository/repository.go:99.16,102.3 2 1
github.com/AndroSaal/RecommendationsForUsers/app/services/recommendation/internal/repository/repository.go:105.2,106.16 2 1
github.com/AndroSaal/RecommendationsForUsers/app/services/recommendation/internal/repository/repository.go:106.16,109.3 2 1
github.com/AndroSaal/RecommendationsForUsers/app/services/recommendation/internal/repository/repository.go:110.2,110.12 1 1
github.com/AndroSaal/RecommendationsForUsers/app/services/recommendation/internal/repository/repository.go:113.42,117.30 3 1
github.com/AndroSaal/RecommendationsForUsers/app/services/recommendation/internal/repository/repository.go:117.30,118.40 1 1
github.com/AndroSaal/RecommendationsForUsers/app/services/recommendation/internal/repository/repository.go:118.40,121.4 2 1
github.com/AndroSaal/RecommendationsForUsers/app/services/recommendation/internal/repository/repository.go:124.2,124.15 1 1
github.com/AndroSaal/RecommendationsForUsers/app/services/recommendation/internal/transport/api/handler.go:21.69,26.2 1 1
github.com/AndroSaal/RecommendationsForUsers/app/services/recommendation/internal/transport/api/handler.go:28.58,35.18 5 1
github.com/AndroSaal/RecommendationsForUsers/app/services/recommendation/internal/transport/api/handler.go:35.18,39.3 3 1
github.com/AndroSaal/RecommendationsForUsers/app/services/recommendation/internal/transport/api/handler.go:42.2,43.16 2 1
github.com/AndroSaal/RecommendationsForUsers/app/services/recommendation/internal/transport/api/handler.go:43.16,47.3 3 1
github.com/AndroSaal/RecommendationsForUsers/app/services/recommendation/internal/transport/api/handler.go:47.8,49.3 1 1
github.com/AndroSaal/RecommendationsForUsers/app/services/recommendation/internal/transport/api/handler.go:52.2,52.56 1 1
github.com/AndroSaal/RecommendationsForUsers/app/services/recommendation/internal/transport/api/handler.go:52.56,56.3 3 1
github.com/AndroSaal/RecommendationsForUsers/app/services/recommendation/internal/transport/api/handler.go:59.2,60.44 2 1
github.com/AndroSaal/RecommendationsForUsers/app/services/recommendation/internal/transport/api/handler.go:60.44,64.3 3 1
github.com/AndroSaal/RecommendationsForUsers/app/services/recommendation/internal/transport/api/handler.go:64.8,64.23 1 1
github.com/AndroSaal/RecommendationsForUsers/app/services/recommendation/internal/transport/api/handler.go:64.23,68.3 3 1
github.com/AndroSaal/RecommendationsForUsers/app/services/recommendation/internal/transport/api/handler.go:68.8,68.30 1 1
github.com/AndroSaal/RecommendationsForUsers/app/services/recommendation/internal/transport/api/handler.go:68.30,72.3 3 1
github.com/AndroSaal/RecommendationsForUsers/app/services/recommendation/internal/transport/api/handler.go:75.2,75.50 1 1
github.com/AndroSaal/RecommendationsForUsers/app/services/recommendation/internal/transport/api/handler.go:79.68,81.2 1 1
github.com/AndroSaal/RecommendationsForUsers/app/services/recommendation/internal/transport/api/middleware.go:10.71,17.2 2 1
github.com/AndroSaal/RecommendationsForUsers/app/services/recommendation/internal/transport/api/routes.go:5.44,10.2 3 1
github.com/AndroSaal/RecommendationsForUsers/app/services/recommendation/internal/transport/api/routes.go:10.2,13.3 2 1
github.com/AndroSaal/RecommendationsForUsers/app/services/recommendation/internal/transport/api/routes.go:13.3,15.4 1 1
github.com/AndroSaal/RecommendationsForUsers/app/services/recommendation/internal/transport/api/routes.go:18.2,18.15 1 1
github.com/AndroSaal/RecommendationsForUsers/app/services/recommendation/internal/transport/kafka/consumer/consumer.go:20.88,24.16 3 1
github.com/AndroSaal/RecommendationsForUsers/app/services/recommendation/internal/transport/kafka/consumer/consumer.go:24.16,26.3 1 1
github.com/AndroSaal/RecommendationsForUsers/app/services/recommendation/internal/transport/kafka/consumer/consumer.go:28.2,32.8 1 1
github.com/AndroSaal/RecommendationsForUsers/app/services/recommendation/internal/transport/kafka/consumer/consumer.go:35.85,39.32 3 1
github.com/AndroSaal/RecommendationsForUsers/app/services/recommendation/internal/transport/kafka/consumer/consumer.go:39.32,41.3 1 1
github.com/AndroSaal/RecommendationsForUsers/app/services/recommendation/internal/transport/kafka/consumer/consumer.go:46.2,46.6 1 1
github.com/AndroSaal/RecommendationsForUsers/app/services/recommendation/internal/transport/kafka/consumer/consumer.go:46.6,47.10 1 1
github.com/AndroSaal/RecommendationsForUsers/app/services/recommendation/internal/transport/kafka/consumer/consumer.go:48.32,49.10 1 1
github.com/AndroSaal/RecommendationsForUsers/app/services/recommendation/internal/transport/kafka/consumer/consumer.go:49.10,50.22 1 1
github.com/AndroSaal/RecommendationsForUsers/app/services/recommendation/internal/transport/kafka/consumer/consumer.go:51.25,53.58 2 1
github.com/AndroSaal/RecommendationsForUsers/app/services/recommendation/internal/transport/kafka/consumer/consumer.go:53.58,56.7 2 1
github.com/AndroSaal/RecommendationsForUsers/app/services/recommendation/internal/transport/kafka/consumer/consumer.go:57.28,59.61 2 1
github.com/AndroSaal/RecommendationsForUsers/app/services/recommendation/internal/transport/kafka/consumer/consumer.go:59.61,62.7 2 1
github.com/AndroSaal/RecommendationsForUsers/app/services/recommendation/internal/transport/kafka/consumer/consumer.go:65.21,67.14 2 1
github.com/AndroSaal/RecommendationsForUsers/app/services/recommendation/internal/transport/kafka/consumer/consumer.go:76.3,78.16 2 1
github.com/AndroSaal/RecommendationsForUsers/app/services/recommendation/internal/transport/kafka/consumer/consumer.go:78.16,80.3 1 0
github.com/AndroSaal/RecommendationsForUsers/app/services/recommendation/internal/transport/kafka/consumer/consumer.go:81.2,83.6 2 1
github.com/AndroSaal/RecommendationsForUsers/app/services/recommendation/internal/transport/kafka/consumer/consumer.go:83.6,84.10 1 1
github.com/AndroSaal/RecommendationsForUsers/app/services/recommendation/internal/transport/kafka/consumer/consumer.go:85.31,87.62 2 1
github.com/AndroSaal/RecommendationsForUsers/app/services/recommendation/internal/transport/kafka/consumer/consumer.go:88.29,89.56 1 0
github.com/AndroSaal/RecommendationsForUsers/app/services/recommendation/internal/transport/kafka/consumer/consumer.go:90.21,92.10 2 1
github.com/AndroSaal/RecommendationsForUsers/app/services/recommendation/internal/transport/kafka/consumer/consumer.go:98.34,103.2 4 1
github.com/AndroSaal/RecommendationsForUsers/app/services/recommendation/internal/transport/kafka/consumer/consumer.go:105.51,115.16 7 1
github.com/AndroSaal/RecommendationsForUsers/app/services/recommendation/internal/transport/kafka/consumer/consumer.go:115.16,117.3 1 1
github.com/AndroSaal/RecommendationsForUsers/app/services/recommendation/internal/transport/kafka/consumer/consumer.go:119.2,119.10 1 1
