mode: set
github.com/AndroSaal/RecommendationsForUsers/app/services/recommendation/internal/service/recom-service.go:20.100,25.2 1 1
github.com/AndroSaal/RecommendationsForUsers/app/services/recommendation/internal/service/recom-service.go:28.100,31.16 3 1
github.com/AndroSaal/RecommendationsForUsers/app/services/recommendation/internal/service/recom-service.go:31.16,34.3 2 1
github.com/AndroSaal/RecommendationsForUsers/app/services/recommendation/internal/service/recom-service.go:35.2,36.26 2 1
github.com/AndroSaal/RecommendationsForUsers/app/services/recommendation/internal/service/recom-service.go:36.26,38.3 1 1
github.com/AndroSaal/RecommendationsForUsers/app/services/recommendation/internal/service/recom-service.go:40.2,40.24 1 1
github.com/AndroSaal/RecommendationsForUsers/app/services/recommendation/internal/service/recom-service.go:43.104,48.61 3 1
github.com/AndroSaal/RecommendationsForUsers/app/services/recommendation/internal/service/recom-service.go:48.61,51.3 2 1
github.com/AndroSaal/RecommendationsForUsers/app/services/recommendation/internal/service/recom-service.go:53.2,58.63 2 1
github.com/AndroSaal/RecommendationsForUsers/app/services/recommendation/internal/service/recom-service.go:58.63,61.3 2 1
github.com/AndroSaal/RecommendationsForUsers/app/services/recommendation/internal/service/recom-service.go:63.2,63.12 1 1
github.com/AndroSaal/RecommendationsForUsers/app/services/recommendation/internal/service/recom-service.go:66.101,73.58 3 1
github.com/AndroSaal/RecommendationsForUsers/app/services/recommendation/internal/service/recom-service.go:73.58,76.3 2 1
github.com/AndroSaal/RecommendationsForUsers/app/services/recommendation/internal/service/recom-service.go:76.8,80.3 1 1
github.com/AndroSaal/RecommendationsForUsers/app/services/recommendation/internal/service/recom-service.go:82.2,87.57 2 1
github.com/AndroSaal/RecommendationsForUsers/app/services/recommendation/internal/service/recom-service.go:87.57,90.3 2 1
github.com/AndroSaal/RecommendationsForUsers/app/services/recommendation/internal/service/recom-service.go:92.2,92.12 1 1
github.com/AndroSaal/RecommendationsForUsers/app/services/recommendation/internal/repository/postgres.go:22.71,32.2 2 0
github.com/AndroSaal/RecommendationsForUsers/app/services/recommendation/internal/repository/postgres.go:35.90,39.16 2 0
github.com/AndroSaal/RecommendationsForUsers/app/services/recommendation/internal/repository/postgres.go:39.16,41.3 1 0
github.com/AndroSaal/RecommendationsForUsers/app/services/recommendation/internal/repository/postgres.go:44.2,45.47 2 0
github.com/AndroSaal/RecommendationsForUsers/app/services/recommendation/internal/repository/postgres.go:45.47,47.27 2 0
github.com/AndroSaal/RecommendationsForUsers/app/services/recommendation/internal/repository/postgres.go:47.27,49.4 1 0
github.com/AndroSaal/RecommendationsForUsers/app/services/recommendation/internal/repository/postgres.go:50.3,50.18 1 0
github.com/AndroSaal/RecommendationsForUsers/app/services/recommendation/internal/repository/postgres.go:54.2,61.16 3 0
github.com/AndroSaal/RecommendationsForUsers/app/services/recommendation/internal/repository/postgres.go:61.16,64.3 2 0
github.com/AndroSaal/RecommendationsForUsers/app/services/recommendation/internal/repository/postgres.go:64.8,64.43 1 0
github.com/AndroSaal/RecommendationsForUsers/app/services/recommendation/internal/repository/postgres.go:64.43,68.3 2 0
github.com/AndroSaal/RecommendationsForUsers/app/services/recommendation/internal/repository/postgres.go:69.2,73.19 3 0
github.com/AndroSaal/RecommendationsForUsers/app/services/recommendation/internal/repository/postgres.go:73.19,75.49 2 0
github.com/AndroSaal/RecommendationsForUsers/app/services/recommendation/internal/repository/postgres.go:75.49,78.4 2 0
github.com/AndroSaal/RecommendationsForUsers/app/services/recommendation/internal/repository/postgres.go:79.3,79.22 1 0
github.com/AndroSaal/RecommendationsForUsers/app/services/recommendation/internal/repository/postgres.go:79.22,81.4 1 0
github.com/AndroSaal/RecommendationsForUsers/app/services/recommendation/internal/repository/postgres.go:81.9,82.12 1 0
github.com/AndroSaal/RecommendationsForUsers/app/services/recommendation/internal/repository/postgres.go:86.2,89.43 3 0
github.com/AndroSaal/RecommendationsForUsers/app/services/recommendation/internal/repository/postgres.go:89.43,97.17 3 0
github.com/AndroSaal/RecommendationsForUsers/app/services/recommendation/internal/repository/postgres.go:97.17,100.4 2 0
github.com/AndroSaal/RecommendationsForUsers/app/services/recommendation/internal/repository/postgres.go:101.3,104.20 2 0
github.com/AndroSaal/RecommendationsForUsers/app/services/recommendation/internal/repository/postgres.go:104.20,106.49 2 0
github.com/AndroSaal/RecommendationsForUsers/app/services/recommendation/internal/repository/postgres.go:106.49,109.5 2 0
github.com/AndroSaal/RecommendationsForUsers/app/services/recommendation/internal/repository/postgres.go:110.4,110.64 1 0
github.com/AndroSaal/RecommendationsForUsers/app/services/recommendation/internal/repository/postgres.go:114.2,116.33 2 0
github.com/AndroSaal/RecommendationsForUsers/app/services/recommendation/internal/repository/postgres.go:119.89,122.16 3 0
github.com/AndroSaal/RecommendationsForUsers/app/services/recommendation/internal/repository/postgres.go:122.16,124.3 1 0
github.com/AndroSaal/RecommendationsForUsers/app/services/recommendation/internal/repository/postgres.go:127.2,131.56 2 0
github.com/AndroSaal/RecommendationsForUsers/app/services/recommendation/internal/repository/postgres.go:131.56,134.3 2 0
github.com/AndroSaal/RecommendationsForUsers/app/services/recommendation/internal/repository/postgres.go:137.2,137.92 1 0
github.com/AndroSaal/RecommendationsForUsers/app/services/recommendation/internal/repository/postgres.go:137.92,141.3 3 0
github.com/AndroSaal/RecommendationsForUsers/app/services/recommendation/internal/repository/postgres.go:141.8,143.3 1 0
github.com/AndroSaal/RecommendationsForUsers/app/services/recommendation/internal/repository/postgres.go:145.2,146.12 2 0
github.com/AndroSaal/RecommendationsForUsers/app/services/recommendation/internal/repository/postgres.go:149.98,153.16 3 0
github.com/AndroSaal/RecommendationsForUsers/app/services/recommendation/internal/repository/postgres.go:153.16,155.3 1 0
github.com/AndroSaal/RecommendationsForUsers/app/services/recommendation/internal/repository/postgres.go:158.2,162.62 2 0
github.com/AndroSaal/RecommendationsForUsers/app/services/recommendation/internal/repository/postgres.go:162.62,165.3 2 0
github.com/AndroSaal/RecommendationsForUsers/app/services/recommendation/internal/repository/postgres.go:168.2,169.86 1 0
github.com/AndroSaal/RecommendationsForUsers/app/services/recommendation/internal/repository/postgres.go:169.86,173.3 3 0
github.com/AndroSaal/RecommendationsForUsers/app/services/recommendation/internal/repository/postgres.go:173.8,175.3 1 0
github.com/AndroSaal/RecommendationsForUsers/app/services/recommendation/internal/repository/postgres.go:177.2,178.12 2 0
github.com/AndroSaal/RecommendationsForUsers/app/services/recommendation/internal/repository/postgres.go:182.72,186.30 3 0
github.com/AndroSaal/RecommendationsForUsers/app/services/recommendation/internal/repository/postgres.go:186.30,188.3 1 0
github.com/AndroSaal/RecommendationsForUsers/app/services/recommendation/internal/repository/postgres.go:188.8,188.33 1 0
github.com/AndroSaal/RecommendationsForUsers/app/services/recommendation/internal/repository/postgres.go:188.33,190.3 1 0
github.com/AndroSaal/RecommendationsForUsers/app/services/recommendation/internal/repository/postgres.go:192.2,196.47 2 0
github.com/AndroSaal/RecommendationsForUsers/app/services/recommendation/internal/repository/postgres.go:196.47,198.3 1 0
github.com/AndroSaal/RecommendationsForUsers/app/services/recommendation/internal/repository/postgres.go:200.2,200.29 1 0
github.com/AndroSaal/RecommendationsForUsers/app/services/recommendation/internal/repository/postgres.go:200.29,209.46 4 0
github.com/AndroSaal/RecommendationsForUsers/app/services/recommendation/internal/repository/postgres.go:209.46,211.28 1 0
github.com/AndroSaal/RecommendationsForUsers/app/services/recommendation/internal/repository/postgres.go:211.28,213.5 1 0
github.com/AndroSaal/RecommendationsForUsers/app/services/recommendation/internal/repository/postgres.go:213.10,213.29 1 0
github.com/AndroSaal/RecommendationsForUsers/app/services/recommendation/internal/repository/postgres.go:213.29,214.13 1 0
github.com/AndroSaal/RecommendationsForUsers/app/services/recommendation/internal/repository/postgres.go:217.4,218.18 2 0
github.com/AndroSaal/RecommendationsForUsers/app/services/recommendation/internal/repository/postgres.go:218.18,220.5 1 0
github.com/AndroSaal/RecommendationsForUsers/app/services/recommendation/internal/repository/postgres.go:223.3,228.75 2 0
github.com/AndroSaal/RecommendationsForUsers/app/services/recommendation/internal/repository/postgres.go:228.75,230.4 1 0
github.com/AndroSaal/RecommendationsForUsers/app/services/recommendation/internal/repository/postgres.go:232.2,232.12 1 0
github.com/AndroSaal/RecommendationsForUsers/app/services/recommendation/internal/repository/postgres.go:235.59,247.40 4 0
github.com/AndroSaal/RecommendationsForUsers/app/services/recommendation/internal/repository/postgres.go:247.40,249.3 1 0
github.com/AndroSaal/RecommendationsForUsers/app/services/recommendation/internal/repository/postgres.go:250.2,250.18 1 0
github.com/AndroSaal/RecommendationsForUsers/app/services/recommendation/internal/repository/redis.go:18.62,24.2 1 1
github.com/AndroSaal/RecommendationsForUsers/app/services/recommendation/internal/repository/redis.go:26.84,29.22 3 1
github.com/AndroSaal/RecommendationsForUsers/app/services/recommendation/internal/repository/redis.go:29.22,31.3 1 1
github.com/AndroSaal/RecommendationsForUsers/app/services/recommendation/internal/repository/redis.go:31.8,31.23 1 1
github.com/AndroSaal/RecommendationsForUsers/app/services/recommendation/internal/repository/redis.go:31.23,33.3 1 0
github.com/AndroSaal/RecommendationsForUsers/app/services/recommendation/internal/repository/redis.go:35.2,37.16 3 1
github.com/AndroSaal/RecommendationsForUsers/app/services/recommendation/internal/repository/redis.go:37.16,39.3 1 0
github.com/AndroSaal/RecommendationsForUsers/app/services/recommendation/internal/repository/redis.go:40.2,40.24 1 1
github.com/AndroSaal/RecommendationsForUsers/app/services/recommendation/internal/repository/redis.go:43.93,47.16 3 1
github.com/AndroSaal/RecommendationsForUsers/app/services/recommendation/internal/repository/redis.go:47.16,49.3 1 0
github.com/AndroSaal/RecommendationsForUsers/app/services/recommendation/internal/repository/redis.go:51.2,52.16 2 1
github.com/AndroSaal/RecommendationsForUsers/app/services/recommendation/internal/repository/redis.go:52.16,54.3 1 0
github.com/AndroSaal/RecommendationsForUsers/app/services/recommendation/internal/repository/redis.go:56.2,56.12 1 1
github.com/AndroSaal/RecommendationsForUsers/app/services/recommendation/internal/repository/redis.go:59.75,64.16 3 1
github.com/AndroSaal/RecommendationsForUsers/app/services/recommendation/internal/repository/redis.go:64.16,66.3 1 0
github.com/AndroSaal/RecommendationsForUsers/app/services/recommendation/internal/repository/redis.go:67.2,67.12 1 1
github.com/AndroSaal/RecommendationsForUsers/app/services/recommendation/internal/repository/redis.go:70.61,73.16 2 1
github.com/AndroSaal/RecommendationsForUsers/app/services/recommendation/internal/repository/redis.go:73.16,75.3 1 0
github.com/AndroSaal/RecommendationsForUsers/app/services/recommendation/internal/repository/redis.go:76.2,76.12 1 1
github.com/AndroSaal/RecommendationsForUsers/app/services/recommendation/internal/repository/repository.go:38.105,44.2 1 1
github.com/AndroSaal/RecommendationsForUsers/app/services/recommendation/internal/repository/repository.go:46.94,51.16 3 1
github.com/AndroSaal/RecommendationsForUsers/app/services/recommendation/internal/repository/repository.go:51.16,53.3 1 1
github.com/AndroSaal/RecommendationsForUsers/app/services/recommendation/internal/repository/repository.go:55.2,55.23 1 1
github.com/AndroSaal/RecommendationsForUsers/app/services/recommendation/internal/repository/repository.go:55.23,58.3 2 1
github.com/AndroSaal/RecommendationsForUsers/app/services/recommendation/internal/repository/repository.go:61.2,62.16 2 1
github.com/AndroSaal/RecommendationsForUsers/app/services/recommendation/internal/repository/repository.go:62.16,65.3 2 1
github.com/AndroSaal/RecommendationsForUsers/app/services/recommendation/internal/repository/repository.go:66.2,70.16 3 1
github.com/AndroSaal/RecommendationsForUsers/app/services/recommendation/internal/repository/repository.go:70.16,73.3 2 1
github.com/AndroSaal/RecommendationsForUsers/app/services/recommendation/internal/repository/repository.go:74.2,75.20 2 1
github.com/AndroSaal/RecommendationsForUsers/app/services/recommendation/internal/repository/repository.go:78.103,82.16 3 1
github.com/AndroSaal/RecommendationsForUsers/app/services/recommendation/internal/repository/repository.go:82.16,85.3 2 1
github.com/AndroSaal/RecommendationsForUsers/app/services/recommendation/internal/repository/repository.go:86.2,87.16 2 1
github.com/AndroSaal/RecommendationsForUsers/app/services/recommendation/internal/repository/repository.go:87.16,90.3 2 1
github.com/AndroSaal/RecommendationsForUsers/app/services/recommendation/internal/repository/repository.go:92.2,92.12 1 1
github.com/AndroSaal/RecommendationsForUsers/app/services/recommendation/internal/repository/repository.go:95.94,99.16 3 1
github.com/AndroSaal/RecommendationsForUsers/app/services/recommendation/internal/repository/repository.go:99.16,102.3 2 1
github.com/AndroSaal/RecommendationsForUsers/app/services/recommendation/internal/repository/repository.go:105.2,106.16 2 1
github.com/AndroSaal/RecommendationsForUsers/app/services/recommendation/internal/repository/repository.go:106.16,109.3 2 1
github.com/AndroSaal/RecommendationsForUsers/app/services/recommendation/internal/repository/repository.go:110.2,110.12 1 1
github.com/AndroSaal/RecommendationsForUsers/app/services/recommendation/internal/repository/repository.go:113.42,117.30 3 1
github.com/AndroSaal/RecommendationsForUsers/app/services/recommendation/internal/repository/repository.go:117.30,118.40 1 1
github.com/AndroSaal/RecommendationsForUsers/app/services/recommendation/internal/repository/repository.go:118.40,121.4 2 1
github.com/AndroSaal/RecommendationsForUsers/app/services/recommendation/internal/repository/repository.go:124.2,124.15 1 1
github.com/AndroSaal/RecommendationsForUsers/app/services/recommendation/internal/transport/api/handler.go:21.69,26.2 1 1
github.com/AndroSaal/RecommendationsForUsers/app/services/recommendation/internal/transport/api/handler.go:28.58,35.18 5 1
github.com/AndroSaal/RecommendationsForUsers/app/services/recommendation/internal/transport/api/handler.go:35.18,39.3 3 1
github.com/AndroSaal/RecommendationsForUsers/app/services/recommendation/internal/transport/api/handler.go:42.2,43.16 2 1
github.com/AndroSaal/RecommendationsForUsers/app/services/recommendation/internal/transport/api/handler.go:43.16,47.3 3 1
github.com/AndroSaal/RecommendationsForUsers/app/services/recommendation/internal/transport/api/handler.go:47.8,49.3 1 1
github.com/AndroSaal/RecommendationsForUsers/app/services/recommendation/internal/transport/api/handler.go:52.2,52.56 1 1
github.com/AndroSaal/RecommendationsForUsers/app/services/recommendation/internal/transport/api/handler.go:52.56,56.3 3 1
github.com/AndroSaal/RecommendationsForUsers/app/services/recommendation/internal/transport/api/handler.go:59.2,60.44 2 1
github.com/AndroSaal/RecommendationsForUsers/app/services/recommendation/internal/transport/api/handler.go:60.44,64.3 3 1
github.com/AndroSaal/RecommendationsForUsers/app/services/recommendation/internal/transport/api/handler.go:64.8,64.23 1 1
github.com/AndroSaal/RecommendationsForUsers/app/services/recommendation/internal/transport/api/handler.go:64.23,68.3 3 1
github.com/AndroSaal/RecommendationsForUsers/app/services/recommendation/internal/transport/api/handler.go:68.8,68.30 1 1
github.com/AndroSaal/RecommendationsForUsers/app/services/recommendation/internal/transport/api/handler.go:68.30,72.3 3 1
github.com/AndroSaal/RecommendationsForUsers/app/services/recommendation/internal/transport/api/handler.go:75.2,75.50 1 1
github.com/AndroSaal/RecommendationsForUsers/app/services/recommendation/internal/transport/api/handler.go:79.68,81.2 1 1
github.com/AndroSaal/RecommendationsForUsers/app/services/recommendation/internal/transport/api/middleware.go:10.71,17.2 2 1
github.com/AndroSaal/RecommendationsForUsers/app/services/recommendation/internal/transport/api/routes.go:5.44,10.2 3 1
github.com/AndroSaal/RecommendationsForUsers/app/services/recommendation/internal/transport/api/routes.go:10.2,13.3 2 1
github.com/AndroSaal/RecommendationsForUsers/app/services/recommendation/internal/transport/api/routes.go:13.3,15.4 1 1
github.com/AndroSaal/RecommendationsForUsers/app/services/recommendation/internal/transport/api/routes.go:18.2,18.15 1 1
github.com/AndroSaal/RecommendationsForUsers/app/services/recommendation/internal/transport/kafka/consumer/consumer.go:20.88,24.16 3 1
github.com/AndroSaal/RecommendationsForUsers/app/services/recommendation/internal/transport/kafka/consumer/consumer.go:24.16,26.3 1 1
github.com/AndroSaal/RecommendationsForUsers/app/services/recommendation/internal/transport/kafka/consumer/consumer.go:28.2,32.8 1 1
github.com/AndroSaal/RecommendationsForUsers/app/services/recommendation/internal/transport/kafka/consumer/consumer.go:35.85,39.32 3 1
github.com/AndroSaal/RecommendationsForUsers/app/services/recommendation/internal/transport/kafka/consumer/consumer.go:39.32,41.3 1 1
github.com/AndroSaal/RecommendationsForUsers/app/services/recommendation/internal/transport/kafka/consumer/consumer.go:46.2,46.6 1 1
github.com/AndroSaal/RecommendationsForUsers/app/services/recommendation/internal/transport/kafka/consumer/consumer.go:46.6,47.10 1 1
github.com/AndroSaal/RecommendationsForUsers/app/services/recommendation/internal/transport/kafka/consumer/consumer.go:48.32,49.10 1 1
github.com/AndroSaal/RecommendationsForUsers/app/services/recommendation/internal/transport/kafka/consumer/consumer.go:49.10,50.22 1 1
github.com/AndroSaal/RecommendationsForUsers/app/services/recommendation/internal/transport/kafka/consumer/consumer.go:51.25,53.58 2 1
github.com/AndroSaal/RecommendationsForUsers/app/services/recommendation/internal/transport/kafka/consumer/consumer.go:53.58,56.7 2 1
github.com/AndroSaal/RecommendationsForUsers/app/services/recommendation/internal/transport/kafka/consumer/consumer.go:57.28,59.61 2 1
github.com/AndroSaal/RecommendationsForUsers/app/services/recommendation/internal/transport/kafka/consumer/consumer.go:59.61,62.7 2 1
github.com/AndroSaal/RecommendationsForUsers/app/services/recommendation/internal/transport/kafka/consumer/consumer.go:65.21,67.14 2 1
github.com/AndroSaal/RecommendationsForUsers/app/services/recommendation/internal/transport/kafka/consumer/consumer.go:76.3,78.16 2 1
github.com/AndroSaal/RecommendationsForUsers/app/services/recommendation/internal/transport/kafka/consumer/consumer.go:78.16,80.3 1 0
github.com/AndroSaal/RecommendationsForUsers/app/services/recommendation/internal/transport/kafka/consumer/consumer.go:81.2,83.6 2 1
github.com/AndroSaal/RecommendationsForUsers/app/services/recommendation/internal/transport/kafka/consumer/consumer.go:83.6,84.10 1 1
github.com/AndroSaal/RecommendationsForUsers/app/services/recommendation/internal/transport/kafka/consumer/consumer.go:85.31,87.62 2 1
github.com/AndroSaal/RecommendationsForUsers/app/services/recommendation/internal/transport/kafka/consumer/consumer.go:88.29,89.56 1 0
github.com/AndroSaal/RecommendationsForUsers/app/services/recommendation/internal/transport/kafka/consumer/consumer.go:90.21,92.10 2 1
github.com/AndroSaal/RecommendationsForUsers/app/services/recommendation/internal/transport/kafka/consumer/consumer.go:98.34,103.2 4 1
github.com/AndroSaal/RecommendationsForUsers/app/services/recommendation/internal/transport/kafka/consumer/consumer.go:105.51,115.16 7 1
github.com/AndroSaal/RecommendationsForUsers/app/services/recommendation/internal/transport/kafka/consumer/consumer.go:115.16,117.3 1 1
github.com/AndroSaal/RecommendationsForUsers/app/services/recommendation/internal/transport/kafka/consumer/consumer.go:119.2,119.10 1 1
